{"D:\\GrindDaily\\client\\src\\components\\Challenge.js": {"path":"D:\\GrindDaily\\client\\src\\components\\Challenge.js","statementMap":{"0":{"start":{"line":9,"column":42},"end":{"line":12,"column":6}},"1":{"start":{"line":13,"column":34},"end":{"line":13,"column":49}},"2":{"start":{"line":15,"column":36},"end":{"line":22,"column":6}},"3":{"start":{"line":23,"column":30},"end":{"line":23,"column":42}},"4":{"start":{"line":26,"column":28},"end":{"line":26,"column":49}},"5":{"start":{"line":28,"column":28},"end":{"line":30,"column":5}},"6":{"start":{"line":29,"column":6},"end":{"line":29,"column":20}},"7":{"start":{"line":32,"column":24},"end":{"line":34,"column":5}},"8":{"start":{"line":33,"column":6},"end":{"line":33,"column":21}},"9":{"start":{"line":37,"column":4},"end":{"line":39,"column":11}},"10":{"start":{"line":38,"column":6},"end":{"line":38,"column":27}},"11":{"start":{"line":41,"column":25},"end":{"line":50,"column":5}},"12":{"start":{"line":42,"column":30},"end":{"line":42,"column":38}},"13":{"start":{"line":44,"column":6},"end":{"line":47,"column":7}},"14":{"start":{"line":45,"column":8},"end":{"line":45,"column":62}},"15":{"start":{"line":46,"column":8},"end":{"line":46,"column":15}},"16":{"start":{"line":49,"column":6},"end":{"line":49,"column":50}},"17":{"start":{"line":52,"column":31},"end":{"line":69,"column":5}},"18":{"start":{"line":53,"column":24},"end":{"line":56,"column":9}},"19":{"start":{"line":57,"column":8},"end":{"line":57,"column":32}},"20":{"start":{"line":58,"column":8},"end":{"line":58,"column":26}},"21":{"start":{"line":59,"column":8},"end":{"line":59,"column":48}},"22":{"start":{"line":59,"column":25},"end":{"line":59,"column":41}},"23":{"start":{"line":61,"column":8},"end":{"line":68,"column":10}},"24":{"start":{"line":72,"column":29},"end":{"line":82,"column":5}},"25":{"start":{"line":73,"column":6},"end":{"line":73,"column":25}},"26":{"start":{"line":74,"column":22},"end":{"line":77,"column":7}},"27":{"start":{"line":78,"column":6},"end":{"line":78,"column":30}},"28":{"start":{"line":79,"column":6},"end":{"line":79,"column":24}},"29":{"start":{"line":80,"column":6},"end":{"line":80,"column":46}},"30":{"start":{"line":80,"column":23},"end":{"line":80,"column":39}},"31":{"start":{"line":81,"column":6},"end":{"line":81,"column":20}},"32":{"start":{"line":84,"column":4},"end":{"line":213,"column":6}}},"fnMap":{"0":{"name":"Challenge","decl":{"start":{"line":8,"column":9},"end":{"line":8,"column":18}},"loc":{"start":{"line":8,"column":21},"end":{"line":214,"column":1}},"line":8},"1":{"name":"(anonymous_1)","decl":{"start":{"line":28,"column":28},"end":{"line":28,"column":29}},"loc":{"start":{"line":28,"column":34},"end":{"line":30,"column":5}},"line":28},"2":{"name":"(anonymous_2)","decl":{"start":{"line":32,"column":24},"end":{"line":32,"column":25}},"loc":{"start":{"line":32,"column":30},"end":{"line":34,"column":5}},"line":32},"3":{"name":"(anonymous_3)","decl":{"start":{"line":37,"column":14},"end":{"line":37,"column":15}},"loc":{"start":{"line":37,"column":20},"end":{"line":39,"column":5}},"line":37},"4":{"name":"(anonymous_4)","decl":{"start":{"line":41,"column":25},"end":{"line":41,"column":26}},"loc":{"start":{"line":41,"column":32},"end":{"line":50,"column":5}},"line":41},"5":{"name":"(anonymous_5)","decl":{"start":{"line":52,"column":31},"end":{"line":52,"column":32}},"loc":{"start":{"line":52,"column":37},"end":{"line":69,"column":5}},"line":52},"6":{"name":"(anonymous_6)","decl":{"start":{"line":59,"column":19},"end":{"line":59,"column":20}},"loc":{"start":{"line":59,"column":25},"end":{"line":59,"column":41}},"line":59},"7":{"name":"(anonymous_7)","decl":{"start":{"line":72,"column":29},"end":{"line":72,"column":30}},"loc":{"start":{"line":72,"column":36},"end":{"line":82,"column":5}},"line":72},"8":{"name":"(anonymous_8)","decl":{"start":{"line":80,"column":17},"end":{"line":80,"column":18}},"loc":{"start":{"line":80,"column":23},"end":{"line":80,"column":39}},"line":80}},"branchMap":{"0":{"loc":{"start":{"line":44,"column":6},"end":{"line":47,"column":7}},"type":"if","locations":[{"start":{"line":44,"column":6},"end":{"line":47,"column":7}},{"start":{},"end":{}}],"line":44},"1":{"loc":{"start":{"line":44,"column":10},"end":{"line":44,"column":54}},"type":"binary-expr","locations":[{"start":{"line":44,"column":10},"end":{"line":44,"column":32}},{"start":{"line":44,"column":36},"end":{"line":44,"column":54}}],"line":44},"2":{"loc":{"start":{"line":191,"column":21},"end":{"line":191,"column":77}},"type":"binary-expr","locations":[{"start":{"line":191,"column":21},"end":{"line":191,"column":26}},{"start":{"line":191,"column":30},"end":{"line":191,"column":77}}],"line":191}},"s":{"0":0,"1":0,"2":0,"3":0,"4":0,"5":0,"6":0,"7":0,"8":0,"9":0,"10":0,"11":0,"12":0,"13":0,"14":0,"15":0,"16":0,"17":0,"18":0,"19":0,"20":0,"21":0,"22":0,"23":0,"24":0,"25":0,"26":0,"27":0,"28":0,"29":0,"30":0,"31":0,"32":0},"f":{"0":0,"1":0,"2":0,"3":0,"4":0,"5":0,"6":0,"7":0,"8":0},"b":{"0":[0,0],"1":[0,0],"2":[0,0]}}
,"D:\\GrindDaily\\client\\src\\components\\helper\\Card.js": {"path":"D:\\GrindDaily\\client\\src\\components\\helper\\Card.js","statementMap":{"0":{"start":{"line":8,"column":27},"end":{"line":17,"column":5}},"1":{"start":{"line":19,"column":42},"end":{"line":19,"column":65}},"2":{"start":{"line":21,"column":23},"end":{"line":58,"column":5}},"3":{"start":{"line":22,"column":23},"end":{"line":22,"column":53}},"4":{"start":{"line":23,"column":22},"end":{"line":23,"column":51}},"5":{"start":{"line":24,"column":8},"end":{"line":27,"column":9}},"6":{"start":{"line":25,"column":12},"end":{"line":25,"column":48}},"7":{"start":{"line":26,"column":12},"end":{"line":26,"column":19}},"8":{"start":{"line":29,"column":30},"end":{"line":37,"column":9}},"9":{"start":{"line":39,"column":8},"end":{"line":57,"column":11}},"10":{"start":{"line":46,"column":28},"end":{"line":46,"column":43}},"11":{"start":{"line":48,"column":12},"end":{"line":53,"column":13}},"12":{"start":{"line":49,"column":16},"end":{"line":49,"column":68}},"13":{"start":{"line":52,"column":16},"end":{"line":52,"column":59}},"14":{"start":{"line":56,"column":12},"end":{"line":56,"column":37}},"15":{"start":{"line":60,"column":25},"end":{"line":60,"column":37}},"16":{"start":{"line":61,"column":34},"end":{"line":61,"column":49}},"17":{"start":{"line":62,"column":38},"end":{"line":62,"column":53}},"18":{"start":{"line":63,"column":24},"end":{"line":63,"column":37}},"19":{"start":{"line":66,"column":29},"end":{"line":66,"column":55}},"20":{"start":{"line":67,"column":30},"end":{"line":67,"column":50}},"21":{"start":{"line":68,"column":23},"end":{"line":68,"column":35}},"22":{"start":{"line":71,"column":23},"end":{"line":79,"column":5}},"23":{"start":{"line":72,"column":24},"end":{"line":72,"column":67}},"24":{"start":{"line":73,"column":24},"end":{"line":73,"column":72}},"25":{"start":{"line":74,"column":22},"end":{"line":74,"column":75}},"26":{"start":{"line":76,"column":8},"end":{"line":76,"column":38}},"27":{"start":{"line":78,"column":8},"end":{"line":78,"column":41}},"28":{"start":{"line":82,"column":22},"end":{"line":108,"column":5}},"29":{"start":{"line":84,"column":8},"end":{"line":107,"column":17}},"30":{"start":{"line":86,"column":46},"end":{"line":86,"column":58}},"31":{"start":{"line":88,"column":12},"end":{"line":96,"column":14}},"32":{"start":{"line":98,"column":12},"end":{"line":105,"column":13}},"33":{"start":{"line":99,"column":16},"end":{"line":99,"column":50}},"34":{"start":{"line":100,"column":16},"end":{"line":100,"column":42}},"35":{"start":{"line":101,"column":16},"end":{"line":101,"column":34}},"36":{"start":{"line":102,"column":16},"end":{"line":102,"column":75}},"37":{"start":{"line":103,"column":16},"end":{"line":103,"column":62}},"38":{"start":{"line":104,"column":16},"end":{"line":104,"column":37}},"39":{"start":{"line":110,"column":24},"end":{"line":127,"column":5}},"40":{"start":{"line":111,"column":8},"end":{"line":111,"column":29}},"41":{"start":{"line":112,"column":8},"end":{"line":126,"column":9}},"42":{"start":{"line":114,"column":12},"end":{"line":114,"column":48}},"43":{"start":{"line":115,"column":12},"end":{"line":115,"column":24}},"44":{"start":{"line":118,"column":12},"end":{"line":118,"column":46}},"45":{"start":{"line":119,"column":12},"end":{"line":119,"column":38}},"46":{"start":{"line":120,"column":12},"end":{"line":120,"column":67}},"47":{"start":{"line":121,"column":12},"end":{"line":121,"column":59}},"48":{"start":{"line":121,"column":30},"end":{"line":121,"column":50}},"49":{"start":{"line":123,"column":12},"end":{"line":125,"column":13}},"50":{"start":{"line":124,"column":16},"end":{"line":124,"column":29}},"51":{"start":{"line":129,"column":25},"end":{"line":137,"column":5}},"52":{"start":{"line":130,"column":8},"end":{"line":130,"column":26}},"53":{"start":{"line":131,"column":8},"end":{"line":136,"column":9}},"54":{"start":{"line":132,"column":12},"end":{"line":132,"column":46}},"55":{"start":{"line":133,"column":12},"end":{"line":133,"column":38}},"56":{"start":{"line":134,"column":12},"end":{"line":134,"column":58}},"57":{"start":{"line":135,"column":12},"end":{"line":135,"column":33}},"58":{"start":{"line":139,"column":4},"end":{"line":142,"column":11}},"59":{"start":{"line":140,"column":8},"end":{"line":140,"column":70}},"60":{"start":{"line":141,"column":8},"end":{"line":141,"column":55}},"61":{"start":{"line":141,"column":21},"end":{"line":141,"column":54}},"62":{"start":{"line":144,"column":28},"end":{"line":150,"column":5}},"63":{"start":{"line":145,"column":8},"end":{"line":149,"column":9}},"64":{"start":{"line":146,"column":12},"end":{"line":146,"column":31}},"65":{"start":{"line":147,"column":12},"end":{"line":147,"column":39}},"66":{"start":{"line":148,"column":12},"end":{"line":148,"column":65}},"67":{"start":{"line":148,"column":30},"end":{"line":148,"column":57}},"68":{"start":{"line":152,"column":29},"end":{"line":159,"column":5}},"69":{"start":{"line":153,"column":8},"end":{"line":158,"column":9}},"70":{"start":{"line":154,"column":12},"end":{"line":154,"column":32}},"71":{"start":{"line":155,"column":12},"end":{"line":155,"column":39}},"72":{"start":{"line":156,"column":12},"end":{"line":156,"column":65}},"73":{"start":{"line":156,"column":30},"end":{"line":156,"column":57}},"74":{"start":{"line":157,"column":12},"end":{"line":157,"column":62}},"75":{"start":{"line":161,"column":4},"end":{"line":247,"column":6}}},"fnMap":{"0":{"name":"Card","decl":{"start":{"line":7,"column":9},"end":{"line":7,"column":13}},"loc":{"start":{"line":7,"column":51},"end":{"line":248,"column":1}},"line":7},"1":{"name":"(anonymous_1)","decl":{"start":{"line":21,"column":23},"end":{"line":21,"column":24}},"loc":{"start":{"line":21,"column":34},"end":{"line":58,"column":5}},"line":21},"2":{"name":"(anonymous_2)","decl":{"start":{"line":46,"column":14},"end":{"line":46,"column":15}},"loc":{"start":{"line":46,"column":28},"end":{"line":46,"column":43}},"line":46},"3":{"name":"(anonymous_3)","decl":{"start":{"line":47,"column":14},"end":{"line":47,"column":15}},"loc":{"start":{"line":47,"column":24},"end":{"line":54,"column":9}},"line":47},"4":{"name":"(anonymous_4)","decl":{"start":{"line":55,"column":15},"end":{"line":55,"column":16}},"loc":{"start":{"line":55,"column":24},"end":{"line":57,"column":9}},"line":55},"5":{"name":"(anonymous_5)","decl":{"start":{"line":71,"column":23},"end":{"line":71,"column":24}},"loc":{"start":{"line":71,"column":29},"end":{"line":79,"column":5}},"line":71},"6":{"name":"(anonymous_6)","decl":{"start":{"line":82,"column":22},"end":{"line":82,"column":23}},"loc":{"start":{"line":82,"column":28},"end":{"line":108,"column":5}},"line":82},"7":{"name":"(anonymous_7)","decl":{"start":{"line":84,"column":41},"end":{"line":84,"column":42}},"loc":{"start":{"line":84,"column":52},"end":{"line":107,"column":9}},"line":84},"8":{"name":"(anonymous_8)","decl":{"start":{"line":110,"column":24},"end":{"line":110,"column":25}},"loc":{"start":{"line":110,"column":30},"end":{"line":127,"column":5}},"line":110},"9":{"name":"(anonymous_9)","decl":{"start":{"line":121,"column":23},"end":{"line":121,"column":24}},"loc":{"start":{"line":121,"column":29},"end":{"line":121,"column":51}},"line":121},"10":{"name":"(anonymous_10)","decl":{"start":{"line":129,"column":25},"end":{"line":129,"column":26}},"loc":{"start":{"line":129,"column":31},"end":{"line":137,"column":5}},"line":129},"11":{"name":"(anonymous_11)","decl":{"start":{"line":139,"column":14},"end":{"line":139,"column":15}},"loc":{"start":{"line":139,"column":20},"end":{"line":142,"column":5}},"line":139},"12":{"name":"(anonymous_12)","decl":{"start":{"line":141,"column":15},"end":{"line":141,"column":16}},"loc":{"start":{"line":141,"column":21},"end":{"line":141,"column":54}},"line":141},"13":{"name":"(anonymous_13)","decl":{"start":{"line":144,"column":28},"end":{"line":144,"column":29}},"loc":{"start":{"line":144,"column":34},"end":{"line":150,"column":5}},"line":144},"14":{"name":"(anonymous_14)","decl":{"start":{"line":148,"column":23},"end":{"line":148,"column":24}},"loc":{"start":{"line":148,"column":30},"end":{"line":148,"column":57}},"line":148},"15":{"name":"(anonymous_15)","decl":{"start":{"line":152,"column":29},"end":{"line":152,"column":30}},"loc":{"start":{"line":152,"column":35},"end":{"line":159,"column":5}},"line":152},"16":{"name":"(anonymous_16)","decl":{"start":{"line":156,"column":23},"end":{"line":156,"column":24}},"loc":{"start":{"line":156,"column":30},"end":{"line":156,"column":57}},"line":156}},"branchMap":{"0":{"loc":{"start":{"line":24,"column":8},"end":{"line":27,"column":9}},"type":"if","locations":[{"start":{"line":24,"column":8},"end":{"line":27,"column":9}},{"start":{},"end":{}}],"line":24},"1":{"loc":{"start":{"line":31,"column":19},"end":{"line":31,"column":43}},"type":"binary-expr","locations":[{"start":{"line":31,"column":19},"end":{"line":31,"column":29}},{"start":{"line":31,"column":33},"end":{"line":31,"column":43}}],"line":31},"2":{"loc":{"start":{"line":32,"column":19},"end":{"line":32,"column":42}},"type":"binary-expr","locations":[{"start":{"line":32,"column":19},"end":{"line":32,"column":29}},{"start":{"line":32,"column":33},"end":{"line":32,"column":42}}],"line":32},"3":{"loc":{"start":{"line":33,"column":25},"end":{"line":33,"column":70}},"type":"binary-expr","locations":[{"start":{"line":33,"column":25},"end":{"line":33,"column":41}},{"start":{"line":33,"column":45},"end":{"line":33,"column":70}}],"line":33},"4":{"loc":{"start":{"line":34,"column":22},"end":{"line":34,"column":40}},"type":"binary-expr","locations":[{"start":{"line":34,"column":22},"end":{"line":34,"column":35}},{"start":{"line":34,"column":39},"end":{"line":34,"column":40}}],"line":34},"5":{"loc":{"start":{"line":35,"column":24},"end":{"line":35,"column":44}},"type":"binary-expr","locations":[{"start":{"line":35,"column":24},"end":{"line":35,"column":39}},{"start":{"line":35,"column":43},"end":{"line":35,"column":44}}],"line":35},"6":{"loc":{"start":{"line":36,"column":25},"end":{"line":36,"column":53}},"type":"binary-expr","locations":[{"start":{"line":36,"column":25},"end":{"line":36,"column":41}},{"start":{"line":36,"column":45},"end":{"line":36,"column":53}}],"line":36},"7":{"loc":{"start":{"line":48,"column":12},"end":{"line":53,"column":13}},"type":"if","locations":[{"start":{"line":48,"column":12},"end":{"line":53,"column":13}},{"start":{"line":51,"column":17},"end":{"line":53,"column":13}}],"line":48},"8":{"loc":{"start":{"line":89,"column":17},"end":{"line":89,"column":48}},"type":"cond-expr","locations":[{"start":{"line":89,"column":29},"end":{"line":89,"column":34}},{"start":{"line":89,"column":37},"end":{"line":89,"column":48}}],"line":89},"9":{"loc":{"start":{"line":91,"column":17},"end":{"line":93,"column":35}},"type":"cond-expr","locations":[{"start":{"line":92,"column":22},"end":{"line":92,"column":29}},{"start":{"line":93,"column":22},"end":{"line":93,"column":35}}],"line":91},"10":{"loc":{"start":{"line":95,"column":17},"end":{"line":95,"column":54}},"type":"cond-expr","locations":[{"start":{"line":95,"column":31},"end":{"line":95,"column":38}},{"start":{"line":95,"column":41},"end":{"line":95,"column":54}}],"line":95},"11":{"loc":{"start":{"line":98,"column":12},"end":{"line":105,"column":13}},"type":"if","locations":[{"start":{"line":98,"column":12},"end":{"line":105,"column":13}},{"start":{},"end":{}}],"line":98},"12":{"loc":{"start":{"line":112,"column":8},"end":{"line":126,"column":9}},"type":"if","locations":[{"start":{"line":112,"column":8},"end":{"line":126,"column":9}},{"start":{"line":116,"column":15},"end":{"line":126,"column":9}}],"line":112},"13":{"loc":{"start":{"line":123,"column":12},"end":{"line":125,"column":13}},"type":"if","locations":[{"start":{"line":123,"column":12},"end":{"line":125,"column":13}},{"start":{},"end":{}}],"line":123},"14":{"loc":{"start":{"line":131,"column":8},"end":{"line":136,"column":9}},"type":"if","locations":[{"start":{"line":131,"column":8},"end":{"line":136,"column":9}},{"start":{},"end":{}}],"line":131},"15":{"loc":{"start":{"line":145,"column":8},"end":{"line":149,"column":9}},"type":"if","locations":[{"start":{"line":145,"column":8},"end":{"line":149,"column":9}},{"start":{},"end":{}}],"line":145},"16":{"loc":{"start":{"line":153,"column":8},"end":{"line":158,"column":9}},"type":"if","locations":[{"start":{"line":153,"column":8},"end":{"line":158,"column":9}},{"start":{},"end":{}}],"line":153},"17":{"loc":{"start":{"line":170,"column":24},"end":{"line":170,"column":55}},"type":"cond-expr","locations":[{"start":{"line":170,"column":36},"end":{"line":170,"column":50}},{"start":{"line":170,"column":53},"end":{"line":170,"column":55}}],"line":170},"18":{"loc":{"start":{"line":216,"column":29},"end":{"line":240,"column":29}},"type":"cond-expr","locations":[{"start":{"line":217,"column":32},"end":{"line":230,"column":38}},{"start":{"line":232,"column":32},"end":{"line":239,"column":38}}],"line":216}},"s":{"0":0,"1":0,"2":0,"3":0,"4":0,"5":0,"6":0,"7":0,"8":0,"9":0,"10":0,"11":0,"12":0,"13":0,"14":0,"15":0,"16":0,"17":0,"18":0,"19":0,"20":0,"21":0,"22":0,"23":0,"24":0,"25":0,"26":0,"27":0,"28":0,"29":0,"30":0,"31":0,"32":0,"33":0,"34":0,"35":0,"36":0,"37":0,"38":0,"39":0,"40":0,"41":0,"42":0,"43":0,"44":0,"45":0,"46":0,"47":0,"48":0,"49":0,"50":0,"51":0,"52":0,"53":0,"54":0,"55":0,"56":0,"57":0,"58":0,"59":0,"60":0,"61":0,"62":0,"63":0,"64":0,"65":0,"66":0,"67":0,"68":0,"69":0,"70":0,"71":0,"72":0,"73":0,"74":0,"75":0},"f":{"0":0,"1":0,"2":0,"3":0,"4":0,"5":0,"6":0,"7":0,"8":0,"9":0,"10":0,"11":0,"12":0,"13":0,"14":0,"15":0,"16":0},"b":{"0":[0,0],"1":[0,0],"2":[0,0],"3":[0,0],"4":[0,0],"5":[0,0],"6":[0,0],"7":[0,0],"8":[0,0],"9":[0,0],"10":[0,0],"11":[0,0],"12":[0,0],"13":[0,0],"14":[0,0],"15":[0,0],"16":[0,0],"17":[0,0],"18":[0,0]}}
}
